<?xml version="1.0" encoding="UTF-8"?>
<testsuite name="com.plantasapi.plantas.PlantasApplicationTests" tests="1" skipped="0" failures="0" errors="0" timestamp="2025-01-12T03:39:13" hostname="NBTOMMY02" time="0.435">
  <properties/>
  <testcase name="contextLoads()" classname="com.plantasapi.plantas.PlantasApplicationTests" time="0.435"/>
  <system-out><![CDATA[00:38:30.292 [Test worker] INFO org.springframework.test.context.support.AnnotationConfigContextLoaderUtils -- Could not detect default configuration classes for test class [com.plantasapi.plantas.PlantasApplicationTests]: PlantasApplicationTests does not declare any static, non-private, non-final, nested classes annotated with @Configuration.
00:38:30.405 [Test worker] INFO org.springframework.boot.test.context.SpringBootTestContextBootstrapper -- Found @SpringBootConfiguration com.plantasapi.plantas.PlantasApplication for test class com.plantasapi.plantas.PlantasApplicationTests

  .   ____          _            __ _ _
 /\\ / ___'_ __ _ _(_)_ __  __ _ \ \ \ \
( ( )\___ | '_ | '_| | '_ \/ _` | \ \ \ \
 \\/  ___)| |_)| | | | | || (_| |  ) ) ) )
  '  |____| .__|_| |_|_| |_\__, | / / / /
 =========|_|==============|___/=/_/_/_/

 :: Spring Boot ::                (v3.4.1)

2025-01-12T00:38:30.839-03:00  INFO 11344 --- [    Test worker] c.p.plantas.PlantasApplicationTests      : Starting PlantasApplicationTests using Java 17.0.12 with PID 11344 (started by lunit in C:\Users\lunit\Desktop\trabajo\challenge techborb\plantas-api)
2025-01-12T00:38:30.840-03:00  INFO 11344 --- [    Test worker] c.p.plantas.PlantasApplicationTests      : No active profile set, falling back to 1 default profile: "default"
2025-01-12T00:38:31.555-03:00  INFO 11344 --- [    Test worker] .s.d.r.c.RepositoryConfigurationDelegate : Bootstrapping Spring Data JPA repositories in DEFAULT mode.
2025-01-12T00:38:31.642-03:00  INFO 11344 --- [    Test worker] .s.d.r.c.RepositoryConfigurationDelegate : Finished Spring Data repository scanning in 73 ms. Found 6 JPA repository interfaces.
2025-01-12T00:38:32.199-03:00  INFO 11344 --- [    Test worker] o.hibernate.jpa.internal.util.LogHelper  : HHH000204: Processing PersistenceUnitInfo [name: default]
2025-01-12T00:38:32.262-03:00  INFO 11344 --- [    Test worker] org.hibernate.Version                    : HHH000412: Hibernate ORM core version 6.6.4.Final
2025-01-12T00:38:32.298-03:00  INFO 11344 --- [    Test worker] o.h.c.internal.RegionFactoryInitiator    : HHH000026: Second-level cache disabled
2025-01-12T00:38:32.633-03:00  INFO 11344 --- [    Test worker] o.s.o.j.p.SpringPersistenceUnitInfo      : No LoadTimeWeaver setup: ignoring JPA class transformer
2025-01-12T00:38:32.662-03:00  INFO 11344 --- [    Test worker] com.zaxxer.hikari.HikariDataSource       : HikariPool-1 - Starting...
2025-01-12T00:38:36.206-03:00  INFO 11344 --- [    Test worker] com.zaxxer.hikari.pool.HikariPool        : HikariPool-1 - Added connection com.mysql.cj.jdbc.ConnectionImpl@1818390b
2025-01-12T00:38:36.208-03:00  INFO 11344 --- [    Test worker] com.zaxxer.hikari.HikariDataSource       : HikariPool-1 - Start completed.
2025-01-12T00:38:36.600-03:00  WARN 11344 --- [    Test worker] org.hibernate.orm.deprecation            : HHH90000025: MySQLDialect does not need to be specified explicitly using 'hibernate.dialect' (remove the property setting and it will be selected by default)
2025-01-12T00:38:36.620-03:00  INFO 11344 --- [    Test worker] org.hibernate.orm.connections.pooling    : HHH10001005: Database info:
	Database JDBC URL [Connecting through datasource 'HikariDataSource (HikariPool-1)']
	Database driver: undefined/unknown
	Database version: 8.0.15
	Autocommit mode: undefined/unknown
	Isolation level: undefined/unknown
	Minimum pool size: undefined/unknown
	Maximum pool size: undefined/unknown
2025-01-12T00:38:37.535-03:00  INFO 11344 --- [    Test worker] o.h.e.t.j.p.i.JtaPlatformInitiator       : HHH000489: No JTA platform available (set 'hibernate.transaction.jta.platform' to enable JTA platform integration)
2025-01-12T00:39:12.004-03:00  INFO 11344 --- [    Test worker] j.LocalContainerEntityManagerFactoryBean : Initialized JPA EntityManagerFactory for persistence unit 'default'
2025-01-12T00:39:12.498-03:00  INFO 11344 --- [    Test worker] eAuthenticationProviderManagerConfigurer : Global AuthenticationManager configured with AuthenticationProvider bean with name authenticationProvider
2025-01-12T00:39:12.498-03:00  WARN 11344 --- [    Test worker] r$InitializeUserDetailsManagerConfigurer : Global AuthenticationManager configured with an AuthenticationProvider bean. UserDetailsService beans will not be used by Spring Security for automatically configuring username/password login. Consider removing the AuthenticationProvider bean. Alternatively, consider using the UserDetailsService in a manually instantiated DaoAuthenticationProvider. If the current configuration is intentional, to turn off this warning, increase the logging level of 'org.springframework.security.config.annotation.authentication.configuration.InitializeUserDetailsBeanManagerConfigurer' to ERROR
2025-01-12T00:39:12.524-03:00  WARN 11344 --- [    Test worker] JpaBaseConfiguration$JpaWebConfiguration : spring.jpa.open-in-view is enabled by default. Therefore, database queries may be performed during view rendering. Explicitly configure spring.jpa.open-in-view to disable this warning
2025-01-12T00:39:13.003-03:00  WARN 11344 --- [    Test worker] thorizationManagerRequestMatcherRegistry : One of the patterns in [user/register, user/login] is missing a leading slash. This is discouraged; please include the leading slash in all your request matcher patterns. In future versions of Spring Security, leaving out the leading slash will result in an exception.
2025-01-12T00:39:13.454-03:00  INFO 11344 --- [    Test worker] c.p.plantas.PlantasApplicationTests      : Started PlantasApplicationTests in 42.887 seconds (process running for 44.134)
]]></system-out>
  <system-err><![CDATA[]]></system-err>
</testsuite>
